c:\programming\hw\paint\paint\debug\paint.pch
c:\programming\hw\paint\paint\debug\vc141.pdb
c:\programming\hw\paint\paint\debug\vc141.idb
c:\programming\hw\paint\paint\debug\stdafx.obj
c:\programming\hw\paint\paint\debug\viewtree.obj
c:\programming\hw\paint\paint\debug\propertieswnd.obj
c:\programming\hw\paint\paint\debug\palettedlg.obj
c:\programming\hw\paint\paint\debug\paintview.obj
c:\programming\hw\paint\paint\debug\paintdoc.obj
c:\programming\hw\paint\paint\debug\paint.obj
c:\programming\hw\paint\paint\debug\outputwnd.obj
c:\programming\hw\paint\paint\debug\mainfrm.obj
c:\programming\hw\paint\paint\debug\fileview.obj
c:\programming\hw\paint\paint\debug\classview.obj
c:\programming\hw\paint\debug\paint.exe
c:\programming\hw\paint\debug\paint.ilk
c:\programming\hw\paint\debug\paint.pdb
c:\programming\hw\paint\paint\debug\paint.res
c:\programming\hw\paint\paint\debug\paint.tlog\cl.command.1.tlog
c:\programming\hw\paint\paint\debug\paint.tlog\cl.read.1.tlog
c:\programming\hw\paint\paint\debug\paint.tlog\cl.write.1.tlog
c:\programming\hw\paint\paint\debug\paint.tlog\link.command.1.tlog
c:\programming\hw\paint\paint\debug\paint.tlog\link.read.1.tlog
c:\programming\hw\paint\paint\debug\paint.tlog\link.write.1.tlog
c:\programming\hw\paint\paint\debug\paint.tlog\rc.command.1.tlog
c:\programming\hw\paint\paint\debug\paint.tlog\rc.read.1.tlog
c:\programming\hw\paint\paint\debug\paint.tlog\rc.write.1.tlog
